facebook/build/outputs/logs/manifest-merger-debug-report.txt
-- Merging decision tree log ---
manifest
ADDED from Dairam\facebook\AndroidManifest.xml:22:1-26:12
INJECTED from Dairam\facebook\AndroidManifest.xml:22:1-26:12
INJECTED from Dairam\facebook\AndroidManifest.xml:22:1-26:12
	package
		ADDED from Dairam\facebook\AndroidManifest.xml:23:7-29
		INJECTED from Dairam\facebook\AndroidManifest.xml
		INJECTED from Dairam\facebook\AndroidManifest.xml
	xmlns:android
		ADDED from Dairam\facebook\AndroidManifest.xml:22:11-69
application
ADDED from Dairam\facebook\AndroidManifest.xml:24:5-19
uses-sdk
ADDED from Dairam\facebook\AndroidManifest.xml:25:5-43
	android:minSdkVersion
		ADDED from Dairam\facebook\AndroidManifest.xml:25:15-40